********************************************************************************
DUPLICATOR-LITE PACKAGE-LOG: April 24, 2023 4:42 am
NOTICE: Do NOT post to public sites or forums 
********************************************************************************
VERSION:	1.5.3.1
WORDPRESS:	6.2
PHP INFO:	8.1.6 | SAPI: apache2handler
SERVER:		Apache/2.4.53 (Win64) OpenSSL/1.1.1n PHP/8.1.6 
PHP TIME LIMIT: (0) no time limit imposed 
PHP MAX MEMORY: 4294967296 (512M default) 
MEMORY STACK: 42MB

********************************************************************************
DATABASE:
********************************************************************************
BUILD MODE:   MYSQLDUMP
MYSQLTIMEOUT: 5000
MYSQLDUMP:    Is Supported
SQL CREATED: 20230424_noblogtitleset_752c6990bfb2c3939851_20230424044224_database.sql
SQL FILE SIZE: 12.04MB (12624370)
SQL FILE TIME: 2023-04-24 04:42:50
SQL RUNTIME: 8.90 sec.

********************************************************************************
ARCHIVE (ZIP):
********************************************************************************
ARCHIVE DIR:  C:/xamppi/htdocs/kayalife
ARCHIVE FILE: 20230424_noblogtitleset_752c6990bfb2c3939851_20230424044224_archive.zip
FILTERS: *OFF*
DIRS:
	not set
FILES:
	not set
EXTS:  not set
----------------------------------------
COMPRESSING
SIZE:	122.78MB
STATS:	Dirs 821 | Files 5,002
SQL ADDED: 20230424_noblogtitleset_752c6990bfb2c3939851_20230424044224_database.sql
ZipArchive Object
(
    [lastId] => 5822
    [status] => 0
    [statusSys] => 0
    [numFiles] => 5823
    [filename] => C:\xamppi\htdocs\kayalife\wp-content\backups-dup-lite\tmp\20230424_noblogtitleset_752c6990bfb2c3939851_20230424044224_archive.zip
    [comment] => 
)

FILE ADDED TO ZIP: 5822
COMPRESSION RESULT: '1'
COMPRESSED SIZE: 58.13MB
ARCHIVE RUNTIME: 26.42 sec.
MEMORY STACK: 44MB
building installer
ARCHIVE CONSISTENCY TEST: PASS

********************************************************************************
INTEGRITY CHECKS:
********************************************************************************
SQL FILE: 12.04MB
INSTALLER FILE: 73.35KB
ARCHIVE FILE: 59.98MB 
EXPECTED FILE/DIRECTORY COUNT: 5,823
ACTUAL FILE/DIRECTORY COUNT: 5,822
ARCHIVE CONSISTENCY TEST: Pass

********************************************************************************
RECORD ID:[3]
TOTAL PROCESS RUNTIME: 37.46 sec.
PEAK PHP MEMORY USED: 46MB
DONE PROCESSING => 20230424_noblogtitleset April 24, 2023 4:43 am

